Fri 12 Aug 2022 12:26:55 PM UTC: 
In file included from test.c:5:
exercises.c: In function ‘sumaNultimos’:
exercises.c:41:3: error: ‘aux’ undeclared (first use in this function)
   41 |   aux=n;
      |   ^~~
exercises.c:41:3: note: each undeclared identifier is reported only once for each function it appears in
exercises.c:44:3: error: ‘tot’ undeclared (first use in this function)
   44 |   tot=sumaN(b[],m);
      |   ^~~
exercises.c:44:15: error: expected expression before ‘]’ token
   44 |   tot=sumaN(b[],m);
      |               ^
exercises.c:40:7: error: variable ‘b’ set but not used [-Werror=unused-but-set-variable]
   40 |   int b[n];
      |       ^
exercises.c: In function ‘crearVector’:
exercises.c:80:12: error: invalid initializer
   80 |   Vector v=(Vector*)calloc(n,sizeof(Vector));
      |            ^
exercises.c:81:10: error: incompatible types when returning type ‘Vector’ but ‘Vector *’ was expected
   81 |   return v;
      |          ^
exercises.c: In function ‘asignarValor’:
exercises.c:91:3: error: invalid type argument of unary ‘*’ (have ‘Vector’)
   91 |   *v[i]=valor;
      |   ^~~~~
exercises.c: In function ‘obtenerValor’:
exercises.c:100:13: error: invalid type argument of unary ‘*’ (have ‘Vector’)
  100 |   int valor=*v[i];
      |             ^~~~~
exercises.c: In function ‘sumaV’:
exercises.c:111:8: error: invalid operands to binary + (have ‘Vector’ and ‘Vector’)
  111 |   *c=*a+*b;
      |      ~~^~~
      |      |  |
      |      |  Vector
      |      Vector
cc1: all warnings being treated as errors
Compilation failed
7024f11
Fri 12 Aug 2022 12:27:44 PM UTC: 
 exercises.c | 2 +-
 1 file changed, 1 insertion(+), 1 deletion(-)
In file included from test.c:5:
exercises.c: In function ‘sumaNultimos’:
exercises.c:44:3: error: ‘tot’ undeclared (first use in this function)
   44 |   tot=sumaN(b[],m);
      |   ^~~
exercises.c:44:3: note: each undeclared identifier is reported only once for each function it appears in
exercises.c:44:15: error: expected expression before ‘]’ token
   44 |   tot=sumaN(b[],m);
      |               ^
exercises.c:40:7: error: variable ‘b’ set but not used [-Werror=unused-but-set-variable]
   40 |   int b[n];
      |       ^
exercises.c: In function ‘crearVector’:
exercises.c:80:12: error: invalid initializer
   80 |   Vector v=(Vector*)calloc(n,sizeof(Vector));
      |            ^
exercises.c:81:10: error: incompatible types when returning type ‘Vector’ but ‘Vector *’ was expected
   81 |   return v;
      |          ^
exercises.c: In function ‘asignarValor’:
exercises.c:91:3: error: invalid type argument of unary ‘*’ (have ‘Vector’)
   91 |   *v[i]=valor;
      |   ^~~~~
exercises.c: In function ‘obtenerValor’:
exercises.c:100:13: error: invalid type argument of unary ‘*’ (have ‘Vector’)
  100 |   int valor=*v[i];
      |             ^~~~~
exercises.c: In function ‘sumaV’:
exercises.c:111:8: error: invalid operands to binary + (have ‘Vector’ and ‘Vector’)
  111 |   *c=*a+*b;
      |      ~~^~~
      |      |  |
      |      |  Vector
      |      Vector
cc1: all warnings being treated as errors
Compilation failed
3311567
Fri 12 Aug 2022 12:27:53 PM UTC: 
 exercises.c | 2 +-
 1 file changed, 1 insertion(+), 1 deletion(-)
In file included from test.c:5:
exercises.c: In function ‘sumaNultimos’:
exercises.c:44:15: error: expected expression before ‘]’ token
   44 |   tot=sumaN(b[],m);
      |               ^
exercises.c:40:7: error: variable ‘b’ set but not used [-Werror=unused-but-set-variable]
   40 |   int b[n];
      |       ^
exercises.c: In function ‘crearVector’:
exercises.c:80:12: error: invalid initializer
   80 |   Vector v=(Vector*)calloc(n,sizeof(Vector));
      |            ^
exercises.c:81:10: error: incompatible types when returning type ‘Vector’ but ‘Vector *’ was expected
   81 |   return v;
      |          ^
exercises.c: In function ‘asignarValor’:
exercises.c:91:3: error: invalid type argument of unary ‘*’ (have ‘Vector’)
   91 |   *v[i]=valor;
      |   ^~~~~
exercises.c: In function ‘obtenerValor’:
exercises.c:100:13: error: invalid type argument of unary ‘*’ (have ‘Vector’)
  100 |   int valor=*v[i];
      |             ^~~~~
exercises.c: In function ‘sumaV’:
exercises.c:111:8: error: invalid operands to binary + (have ‘Vector’ and ‘Vector’)
  111 |   *c=*a+*b;
      |      ~~^~~
      |      |  |
      |      |  Vector
      |      Vector
cc1: all warnings being treated as errors
Compilation failed
704daec
Fri 12 Aug 2022 12:29:38 PM UTC: 
 exercises.c | 2 +-
 1 file changed, 1 insertion(+), 1 deletion(-)
In file included from test.c:5:
exercises.c: In function ‘crearVector’:
exercises.c:80:12: error: invalid initializer
   80 |   Vector v=(Vector*)calloc(n,sizeof(Vector));
      |            ^
exercises.c:81:10: error: incompatible types when returning type ‘Vector’ but ‘Vector *’ was expected
   81 |   return v;
      |          ^
exercises.c: In function ‘asignarValor’:
exercises.c:91:3: error: invalid type argument of unary ‘*’ (have ‘Vector’)
   91 |   *v[i]=valor;
      |   ^~~~~
exercises.c: In function ‘obtenerValor’:
exercises.c:100:13: error: invalid type argument of unary ‘*’ (have ‘Vector’)
  100 |   int valor=*v[i];
      |             ^~~~~
exercises.c: In function ‘sumaV’:
exercises.c:111:8: error: invalid operands to binary + (have ‘Vector’ and ‘Vector’)
  111 |   *c=*a+*b;
      |      ~~^~~
      |      |  |
      |      |  Vector
      |      Vector
Compilation failed
9cf50f1
Fri 12 Aug 2022 12:31:24 PM UTC: 
 exercises.c | 2 +-
 1 file changed, 1 insertion(+), 1 deletion(-)
In file included from test.c:5:
exercises.c: In function ‘crearVector’:
exercises.c:80:12: error: invalid initializer
   80 |   Vector v=(Vector*)calloc(n,sizeof(Vector));
      |            ^
exercises.c:81:10: error: invalid type argument of unary ‘*’ (have ‘Vector’)
   81 |   return *v;
      |          ^~
exercises.c: In function ‘asignarValor’:
exercises.c:91:3: error: invalid type argument of unary ‘*’ (have ‘Vector’)
   91 |   *v[i]=valor;
      |   ^~~~~
exercises.c: In function ‘obtenerValor’:
exercises.c:100:13: error: invalid type argument of unary ‘*’ (have ‘Vector’)
  100 |   int valor=*v[i];
      |             ^~~~~
exercises.c: In function ‘sumaV’:
exercises.c:111:8: error: invalid operands to binary + (have ‘Vector’ and ‘Vector’)
  111 |   *c=*a+*b;
      |      ~~^~~
      |      |  |
      |      |  Vector
      |      Vector
Compilation failed
a482534
Fri 12 Aug 2022 12:31:33 PM UTC: 
 exercises.c | 2 +-
 1 file changed, 1 insertion(+), 1 deletion(-)
In file included from test.c:5:
exercises.c: In function ‘crearVector’:
exercises.c:80:12: error: invalid initializer
   80 |   Vector v=(Vector*)calloc(n,sizeof(Vector));
      |            ^
exercises.c:81:10: error: incompatible types when returning type ‘Vector’ but ‘Vector *’ was expected
   81 |   return v;
      |          ^
exercises.c: In function ‘asignarValor’:
exercises.c:91:3: error: invalid type argument of unary ‘*’ (have ‘Vector’)
   91 |   *v[i]=valor;
      |   ^~~~~
exercises.c: In function ‘obtenerValor’:
exercises.c:100:13: error: invalid type argument of unary ‘*’ (have ‘Vector’)
  100 |   int valor=*v[i];
      |             ^~~~~
exercises.c: In function ‘sumaV’:
exercises.c:111:8: error: invalid operands to binary + (have ‘Vector’ and ‘Vector’)
  111 |   *c=*a+*b;
      |      ~~^~~
      |      |  |
      |      |  Vector
      |      Vector
Compilation failed
fab2fd3
Fri 12 Aug 2022 12:41:57 PM UTC: 
 exercises.c | 1 -
 1 file changed, 1 deletion(-)
In file included from test.c:5:
exercises.c: In function ‘crearVector’:
exercises.c:80:12: error: invalid initializer
   80 |   Vector v=(Vector*)calloc(n,sizeof(Vector));
      |            ^
exercises.c:81:10: error: incompatible types when returning type ‘Vector’ but ‘Vector *’ was expected
   81 |   return v;
      |          ^
exercises.c: In function ‘asignarValor’:
exercises.c:90:3: error: invalid type argument of unary ‘*’ (have ‘Vector’)
   90 |   *v[i]=valor;
      |   ^~~~~
exercises.c: In function ‘obtenerValor’:
exercises.c:99:13: error: invalid type argument of unary ‘*’ (have ‘Vector’)
   99 |   int valor=*v[i];
      |             ^~~~~
exercises.c: In function ‘sumaV’:
exercises.c:110:8: error: invalid operands to binary + (have ‘Vector’ and ‘Vector’)
  110 |   *c=*a+*b;
      |      ~~^~~
      |      |  |
      |      |  Vector
      |      Vector
exercises.c: In function ‘crearVector’:
exercises.c:82:1: error: control reaches end of non-void function [-Werror=return-type]
   82 | }
      | ^
cc1: all warnings being treated as errors
Compilation failed
b396e01
Fri 12 Aug 2022 12:42:57 PM UTC: 
 exercises.c | 3 ++-
 1 file changed, 2 insertions(+), 1 deletion(-)
In file included from /nix/store/iwd8ic5hhwdxn5dga0im55g5hjl270cd-glibc-2.33-47-dev/include/time.h:29,
                 from test.c:4:
exercises.c: In function ‘crearVector’:
exercises.c:80:13: error: invalid initializer
   80 |   Vector v= NULL;
      |             ^~~~
In file included from test.c:5:
exercises.c:81:7: error: incompatible types when assigning to type ‘Vector’ from type ‘Vector *’
   81 |   v = (Vector*)calloc(n,sizeof(Vector));
      |       ^
exercises.c:82:10: error: incompatible types when returning type ‘Vector’ but ‘Vector *’ was expected
   82 |   return v;
      |          ^
exercises.c: In function ‘asignarValor’:
exercises.c:91:3: error: invalid type argument of unary ‘*’ (have ‘Vector’)
   91 |   *v[i]=valor;
      |   ^~~~~
exercises.c: In function ‘obtenerValor’:
exercises.c:100:13: error: invalid type argument of unary ‘*’ (have ‘Vector’)
  100 |   int valor=*v[i];
      |             ^~~~~
exercises.c: In function ‘sumaV’:
exercises.c:111:8: error: invalid operands to binary + (have ‘Vector’ and ‘Vector’)
  111 |   *c=*a+*b;
      |      ~~^~~
      |      |  |
      |      |  Vector
      |      Vector
exercises.c: In function ‘crearVector’:
exercises.c:83:1: error: control reaches end of non-void function [-Werror=return-type]
   83 | }
      | ^
cc1: all warnings being treated as errors
Compilation failed
500dea6
Fri 12 Aug 2022 12:45:43 PM UTC: 
 exercises.c | 2 +-
 1 file changed, 1 insertion(+), 1 deletion(-)
In file included from test.c:5:
exercises.c: In function ‘asignarValor’:
exercises.c:91:3: error: invalid type argument of unary ‘*’ (have ‘Vector’)
   91 |   *v[i]=valor;
      |   ^~~~~
exercises.c: In function ‘obtenerValor’:
exercises.c:100:13: error: invalid type argument of unary ‘*’ (have ‘Vector’)
  100 |   int valor=*v[i];
      |             ^~~~~
exercises.c: In function ‘sumaV’:
exercises.c:111:8: error: invalid operands to binary + (have ‘Vector’ and ‘Vector’)
  111 |   *c=*a+*b;
      |      ~~^~~
      |      |  |
      |      |  Vector
      |      Vector
Compilation failed
99a4951
Fri 12 Aug 2022 12:47:34 PM UTC: 
 exercises.c | 2 +-
 1 file changed, 1 insertion(+), 1 deletion(-)
In file included from test.c:5:
exercises.c: In function ‘asignarValor’:
exercises.c:91:8: error: incompatible types when assigning to type ‘Vector’ from type ‘int’
   91 |   v[i]=valor;
      |        ^~~~~
exercises.c: In function ‘obtenerValor’:
exercises.c:100:13: error: invalid type argument of unary ‘*’ (have ‘Vector’)
  100 |   int valor=*v[i];
      |             ^~~~~
exercises.c: In function ‘sumaV’:
exercises.c:111:8: error: invalid operands to binary + (have ‘Vector’ and ‘Vector’)
  111 |   *c=*a+*b;
      |      ~~^~~
      |      |  |
      |      |  Vector
      |      Vector
Compilation failed
c6801e0
Fri 12 Aug 2022 12:50:04 PM UTC: 
 exercises.c | 1 -
 1 file changed, 1 deletion(-)
In file included from test.c:5:
exercises.c: In function ‘crearVector’:
exercises.c:80:3: error: ‘v’ undeclared (first use in this function)
   80 |   v = (Vector*)calloc(n,sizeof(Vector));
      |   ^
exercises.c:80:3: note: each undeclared identifier is reported only once for each function it appears in
exercises.c: In function ‘asignarValor’:
exercises.c:90:8: error: incompatible types when assigning to type ‘Vector’ from type ‘int’
   90 |   v[i]=valor;
      |        ^~~~~
exercises.c: In function ‘obtenerValor’:
exercises.c:99:13: error: invalid type argument of unary ‘*’ (have ‘Vector’)
   99 |   int valor=*v[i];
      |             ^~~~~
exercises.c: In function ‘sumaV’:
exercises.c:110:8: error: invalid operands to binary + (have ‘Vector’ and ‘Vector’)
  110 |   *c=*a+*b;
      |      ~~^~~
      |      |  |
      |      |  Vector
      |      Vector
exercises.c: In function ‘crearVector’:
exercises.c:82:1: error: control reaches end of non-void function [-Werror=return-type]
   82 | }
      | ^
cc1: all warnings being treated as errors
Compilation failed
6190a49
Fri 12 Aug 2022 12:50:59 PM UTC: 
 exercises.c | 1 +
 1 file changed, 1 insertion(+)
In file included from test.c:5:
exercises.c: In function ‘asignarValor’:
exercises.c:91:8: error: incompatible types when assigning to type ‘Vector’ from type ‘int’
   91 |   v[i]=valor;
      |        ^~~~~
exercises.c: In function ‘obtenerValor’:
exercises.c:100:13: error: invalid type argument of unary ‘*’ (have ‘Vector’)
  100 |   int valor=*v[i];
      |             ^~~~~
exercises.c: In function ‘sumaV’:
exercises.c:111:8: error: invalid operands to binary + (have ‘Vector’ and ‘Vector’)
  111 |   *c=*a+*b;
      |      ~~^~~
      |      |  |
      |      |  Vector
      |      Vector
Compilation failed
595e3cb
Fri 12 Aug 2022 12:56:25 PM UTC: 
 exercises.c | 2 +-
 1 file changed, 1 insertion(+), 1 deletion(-)
In file included from test.c:5:
exercises.c: In function ‘asignarValor’:
exercises.c:91:13: error: assignment to ‘int *’ from ‘int’ makes pointer from integer without a cast [-Werror=int-conversion]
   91 |   v[i].datos=valor;
      |             ^
exercises.c: In function ‘obtenerValor’:
exercises.c:100:13: error: invalid type argument of unary ‘*’ (have ‘Vector’)
  100 |   int valor=*v[i];
      |             ^~~~~
exercises.c: In function ‘sumaV’:
exercises.c:111:8: error: invalid operands to binary + (have ‘Vector’ and ‘Vector’)
  111 |   *c=*a+*b;
      |      ~~^~~
      |      |  |
      |      |  Vector
      |      Vector
cc1: all warnings being treated as errors
Compilation failed
69d5509
Fri 12 Aug 2022 12:56:34 PM UTC: 
 exercises.c | 2 +-
 1 file changed, 1 insertion(+), 1 deletion(-)
In file included from test.c:5:
exercises.c: In function ‘obtenerValor’:
exercises.c:100:13: error: invalid type argument of unary ‘*’ (have ‘Vector’)
  100 |   int valor=*v[i];
      |             ^~~~~
exercises.c: In function ‘sumaV’:
exercises.c:111:8: error: invalid operands to binary + (have ‘Vector’ and ‘Vector’)
  111 |   *c=*a+*b;
      |      ~~^~~
      |      |  |
      |      |  Vector
      |      Vector
Compilation failed
965d3a1
Fri 12 Aug 2022 01:00:09 PM UTC: 
 exercises.c | 2 +-
 1 file changed, 1 insertion(+), 1 deletion(-)
In file included from test.c:5:
exercises.c: In function ‘obtenerValor’:
exercises.c:100:13: error: initialization of ‘int’ from ‘int *’ makes integer from pointer without a cast [-Werror=int-conversion]
  100 |   int valor=v[i].datos;
      |             ^
exercises.c: In function ‘sumaV’:
exercises.c:111:8: error: invalid operands to binary + (have ‘Vector’ and ‘Vector’)
  111 |   *c=*a+*b;
      |      ~~^~~
      |      |  |
      |      |  Vector
      |      Vector
cc1: all warnings being treated as errors
Compilation failed
f804a2f
Fri 12 Aug 2022 01:00:17 PM UTC: 
 exercises.c | 2 +-
 1 file changed, 1 insertion(+), 1 deletion(-)
In file included from test.c:5:
exercises.c: In function ‘sumaV’:
exercises.c:111:8: error: invalid operands to binary + (have ‘Vector’ and ‘Vector’)
  111 |   *c=*a+*b;
      |      ~~^~~
      |      |  |
      |      |  Vector
      |      Vector
Compilation failed
cae6ab1
Fri 12 Aug 2022 01:26:16 PM UTC: 
 exercises.c | 1 -
 1 file changed, 1 deletion(-)
 tests:  0|0
d3de5c5
Sat 13 Aug 2022 12:32:41 AM UTC: 
 exercises.c | 4 +++-
 1 file changed, 3 insertions(+), 1 deletion(-)
In file included from test.c:5:
exercises.c: In function ‘crearPersona’:
exercises.c:65:11: error: ‘p’ is a pointer; did you mean to use ‘->’?
   65 |   strcpy(p.nombre,nombre[]);
      |           ^
      |           ->
exercises.c:65:26: error: expected expression before ‘]’ token
   65 |   strcpy(p.nombre,nombre[]);
      |                          ^
exercises.c:63:12: error: variable ‘p’ set but not used [-Werror=unused-but-set-variable]
   63 |   Persona *p=NULL;
      |            ^
exercises.c:66:1: error: control reaches end of non-void function [-Werror=return-type]
   66 | }
      | ^
cc1: all warnings being treated as errors
Compilation failed
b74939b
Sat 13 Aug 2022 12:32:50 AM UTC: 
 exercises.c | 2 +-
 1 file changed, 1 insertion(+), 1 deletion(-)
In file included from test.c:5:
exercises.c: In function ‘crearPersona’:
exercises.c:65:27: error: expected expression before ‘]’ token
   65 |   strcpy(p->nombre,nombre[]);
      |                           ^
exercises.c:66:1: error: control reaches end of non-void function [-Werror=return-type]
   66 | }
      | ^
cc1: all warnings being treated as errors
Compilation failed
6d421d1
Sat 13 Aug 2022 12:33:20 AM UTC: 
 exercises.c | 1 +
 1 file changed, 1 insertion(+)
In file included from test.c:5:
exercises.c: In function ‘crearPersona’:
exercises.c:65:27: error: expected expression before ‘]’ token
   65 |   strcpy(p->nombre,nombre[]);
      |                           ^
exercises.c:66:10: error: incompatible types when returning type ‘Persona’ but ‘Persona *’ was expected
   66 |   return *p;
      |          ^~
exercises.c:67:1: error: control reaches end of non-void function [-Werror=return-type]
   67 | }
      | ^
cc1: all warnings being treated as errors
Compilation failed
5586eed
Sat 13 Aug 2022 12:33:46 AM UTC: 
 exercises.c | 2 +-
 1 file changed, 1 insertion(+), 1 deletion(-)
In file included from test.c:5:
exercises.c: In function ‘crearPersona’:
exercises.c:65:27: error: expected expression before ‘]’ token
   65 |   strcpy(p->nombre,nombre[]);
      |                           ^
Compilation failed
2eb4f5d
Sat 13 Aug 2022 12:34:13 AM UTC: 
 exercises.c | 2 +-
 1 file changed, 1 insertion(+), 1 deletion(-)
In file included from test.c:5:
exercises.c: In function ‘crearPersona’:
exercises.c:65:28: error: expected expression before ‘]’ token
   65 |   strcpy(p->nombre,*nombre[]);
      |                            ^
Compilation failed
a391a6b
Sat 13 Aug 2022 12:34:19 AM UTC: 
 exercises.c | 2 +-
 1 file changed, 1 insertion(+), 1 deletion(-)
In file included from test.c:5:
exercises.c: In function ‘crearPersona’:
exercises.c:65:20: error: passing argument 2 of ‘strcpy’ makes pointer from integer without a cast [-Werror=int-conversion]
   65 |   strcpy(p->nombre,*nombre);
      |                    ^~~~~~~
      |                    |
      |                    char
In file included from /nix/store/iwd8ic5hhwdxn5dga0im55g5hjl270cd-glibc-2.33-47-dev/include/features.h:473,
                 from /nix/store/iwd8ic5hhwdxn5dga0im55g5hjl270cd-glibc-2.33-47-dev/include/bits/libc-header-start.h:33,
                 from /nix/store/iwd8ic5hhwdxn5dga0im55g5hjl270cd-glibc-2.33-47-dev/include/stdio.h:27,
                 from test.c:1:
/nix/store/iwd8ic5hhwdxn5dga0im55g5hjl270cd-glibc-2.33-47-dev/include/bits/string_fortified.h:77:1: note: expected ‘const char * restrict’ but argument is of type ‘char’
   77 | __NTH (strcpy (char *__restrict __dest, const char *__restrict __src))
      | ^~~~~
cc1: all warnings being treated as errors
Compilation failed
d15acb4
Sat 13 Aug 2022 12:36:05 AM UTC: 
 exercises.c | 2 +-
 1 file changed, 1 insertion(+), 1 deletion(-)
 tests:  0|0
687aff6
Sat 13 Aug 2022 12:37:12 AM UTC: 
 exercises.c | 2 ++
 1 file changed, 2 insertions(+)
In file included from test.c:5:
exercises.c: In function ‘crearPersona’:
exercises.c:67:4: error: ‘p’ is a pointer; did you mean to use ‘->’?
   67 |   p.edad=edad;
      |    ^
      |    ->
Compilation failed
f7d18a0
Sat 13 Aug 2022 12:37:19 AM UTC: 
 exercises.c | 2 +-
 1 file changed, 1 insertion(+), 1 deletion(-)
 tests:  0|0
3f2af15
Sat 13 Aug 2022 12:41:54 AM UTC: 
 exercises.c | 2 +-
 1 file changed, 1 insertion(+), 1 deletion(-)
In file included from test.c:5:
exercises.c: In function ‘crearVector’:
exercises.c:86:8: error: incompatible types when assigning to type ‘Vector’ from type ‘Vector *’
   86 |   *v = (Vector*)calloc(n,sizeof(Vector));
      |        ^
Compilation failed
80af193
Sat 13 Aug 2022 12:42:02 AM UTC: 
 exercises.c | 2 +-
 1 file changed, 1 insertion(+), 1 deletion(-)
 tests:  0|0
418a998
Sat 13 Aug 2022 12:42:59 AM UTC: 
 exercises.c | 2 +-
 1 file changed, 1 insertion(+), 1 deletion(-)
 tests:  0|0
0ef0bc1
Sat 13 Aug 2022 12:48:56 AM UTC: 
 exercises.c | 3 ++-
 1 file changed, 2 insertions(+), 1 deletion(-)
In file included from test.c:5:
exercises.c: In function ‘sumaV’:
exercises.c:116:16: error: ‘a’ is a pointer; did you mean to use ‘->’?
  116 |   int tamano=*a.capacidad;
      |                ^
      |                ->
Compilation failed
97ea377
Sat 13 Aug 2022 12:49:05 AM UTC: 
 exercises.c | 2 +-
 1 file changed, 1 insertion(+), 1 deletion(-)
In file included from test.c:5:
exercises.c: In function ‘sumaV’:
exercises.c:116:14: error: invalid type argument of unary ‘*’ (have ‘int’)
  116 |   int tamano=*a->capacidad;
      |              ^~~~~~~~~~~~~
Compilation failed
5e0b4a3
Sat 13 Aug 2022 12:49:18 AM UTC: 
 exercises.c | 2 +-
 1 file changed, 1 insertion(+), 1 deletion(-)
 tests:  0|0
8842423
Sat 13 Aug 2022 12:50:21 AM UTC: 
 exercises.c | 8 ++++----
 1 file changed, 4 insertions(+), 4 deletions(-)
In file included from test.c:5:
exercises.c: In function ‘sumaV’:
exercises.c:116:7: error: unused variable ‘tamano’ [-Werror=unused-variable]
  116 |   int tamano=a->capacidad;
      |       ^~~~~~
test.c: In function ‘test_asignarObtenerValor’:
test.c:160:5: error: implicit declaration of function ‘asignarValor’ [-Werror=implicit-function-declaration]
  160 |     asignarValor(v, 0, a);
      |     ^~~~~~~~~~~~
cc1: all warnings being treated as errors
Compilation failed
6d1fb1a
Sat 13 Aug 2022 12:51:01 AM UTC: 
 exercises.c | 5 ++---
 1 file changed, 2 insertions(+), 3 deletions(-)
In file included from test.c:5:
exercises.c: In function ‘sumaV’:
exercises.c:115:7: error: unused variable ‘tamano’ [-Werror=unused-variable]
  115 |   int tamano=a->capacidad;
      |       ^~~~~~
cc1: all warnings being treated as errors
Compilation failed
2e13208
Sat 13 Aug 2022 12:51:23 AM UTC: 
 exercises.c | 1 +
 1 file changed, 1 insertion(+)
In file included from test.c:5:
exercises.c: In function ‘sumaV’:
exercises.c:116:7: error: unused variable ‘tamano’ [-Werror=unused-variable]
  116 |   int tamano=a->capacidad;
      |       ^~~~~~
cc1: all warnings being treated as errors
Compilation failed
08a2871
